Using pre-set license
Built from '2021.1/staging' branch; Version is '2021.1.0b8 (4a0a5fc962a9) revision 4852319'; Using compiler version '192528614'; Build Type 'Release'
OS: 'Windows 10 Home; OS build 19041.804; Version 2004; 64bit' Language: 'en' Physical Memory: 8051 MB
BatchMode: 1, IsHumanControllingUs: 0, StartBugReporterOnCrash: 0, Is64bit: 1, IsPro: 0

 COMMAND LINE ARGUMENTS:
C:\Program Files\Unity\Hub\Editor\2021.1.0b8\Editor\Unity.exe
-adb2
-batchMode
-noUpm
-name
AssetImportWorker0
-projectPath
C:/Users/Cookie Senpai/Desktop/Zenva/Unity-3dGame/CoinCubez
-logFile
Logs/AssetImportWorker0.log
-srvPort
51971
Successfully changed project path to: C:/Users/Cookie Senpai/Desktop/Zenva/Unity-3dGame/CoinCubez
C:/Users/Cookie Senpai/Desktop/Zenva/Unity-3dGame/CoinCubez
Using Asset Import Pipeline V2.
Refreshing native plugins compatible for Editor in 97.61 ms, found 0 plugins.
Preloading 0 native plugins for Editor in 0.00 ms.
Initialize engine version: 2021.1.0b8 (4a0a5fc962a9)
[Subsystems] Discovering subsystems at path C:/Program Files/Unity/Hub/Editor/2021.1.0b8/Editor/Data/Resources/UnitySubsystems
[Subsystems] Discovering subsystems at path C:/Users/Cookie Senpai/Desktop/Zenva/Unity-3dGame/CoinCubez/Assets
GfxDevice: creating device client; threaded=0; jobified=0
Direct3D:
    Version:  Direct3D 11.0 [level 11.1]
    Renderer: Intel(R) HD Graphics 520 (ID=0x1916)
    Vendor:   Intel
    VRAM:     4025 MB
    Driver:   23.20.16.4973
Initialize mono
Mono path[0] = 'C:/Program Files/Unity/Hub/Editor/2021.1.0b8/Editor/Data/Managed'
Mono path[1] = 'C:/Program Files/Unity/Hub/Editor/2021.1.0b8/Editor/Data/MonoBleedingEdge/lib/mono/unityjit'
Mono config path = 'C:/Program Files/Unity/Hub/Editor/2021.1.0b8/Editor/Data/MonoBleedingEdge/etc'
Using monoOptions --debugger-agent=transport=dt_socket,embedding=1,server=y,suspend=n,address=127.0.0.1:56584
Begin MonoManager ReloadAssembly
Registering precompiled unity dll's ...
Register platform support module: C:/Program Files/Unity/Hub/Editor/2021.1.0b8/Editor/Data/PlaybackEngines/WindowsStandaloneSupport/UnityEditor.WindowsStandalone.Extensions.dll
Registered in 0.004496 seconds.
Native extension for WindowsStandalone target not found
Refreshing native plugins compatible for Editor in 42.24 ms, found 0 plugins.
Preloading 0 native plugins for Editor in 0.00 ms.
Mono: successfully reloaded assembly
- Completed reload, in  2.685 seconds
Platform modules already initialized, skipping
Registering precompiled user dll's ...
Registered in 0.002181 seconds.
Begin MonoManager ReloadAssembly
Native extension for WindowsStandalone target not found
Refreshing native plugins compatible for Editor in 0.37 ms, found 0 plugins.
Preloading 0 native plugins for Editor in 0.00 ms.
Mono: successfully reloaded assembly
- Completed reload, in  1.973 seconds
Platform modules already initialized, skipping
========================================================================
Worker process is ready to serve import requests
Launched and connected shader compiler UnityShaderCompiler.exe after 0.32 seconds
Refreshing native plugins compatible for Editor in 0.48 ms, found 0 plugins.
Preloading 0 native plugins for Editor in 0.00 ms.
Unloading 1294 Unused Serialized files (Serialized files now loaded: 0)
System memory in use before: 65.1 MB.
System memory in use after: 65.2 MB.

Unloading 10 unused Assets to reduce memory usage. Loaded Objects now: 1751.
Total: 3.373800 ms (FindLiveObjects: 0.190100 ms CreateObjectMapping: 0.089600 ms MarkObjects: 3.009600 ms  DeleteObjects: 0.082400 ms)

========================================================================
Received Import Request.
  path: Assets/Scenes/Level-1.unity
  artifactKey: Guid(9fc0d4010bbf28b4594072e72b8655ab) Importer(815301076,1909f56bfc062723c751e8b465ee728b)
Start importing Assets/Scenes/Level-1.unity using Guid(9fc0d4010bbf28b4594072e72b8655ab) Importer(815301076,1909f56bfc062723c751e8b465ee728b)  -> (artifact id: '3f71b35a64476bf23253392e7c606591') in 0.078921 seconds 
========================================================================
Received Import Request.
  Time since last request: 24.643207 seconds.
  path: Assets/Scenes/Level-2.unity
  artifactKey: Guid(81787fa74c82d1f4f8ce0f631a252f29) Importer(815301076,1909f56bfc062723c751e8b465ee728b)
Start importing Assets/Scenes/Level-2.unity using Guid(81787fa74c82d1f4f8ce0f631a252f29) Importer(815301076,1909f56bfc062723c751e8b465ee728b)  -> (artifact id: 'df94155c48e89d97388d1ab5140105e8') in 0.010200 seconds 
========================================================================
Received Import Request.
  Time since last request: 37.278634 seconds.
  path: Assets/Scenes/Level-1 1.unity
  artifactKey: Guid(b551f121c8181a34cad79c1dcd1db07d) Importer(815301076,1909f56bfc062723c751e8b465ee728b)
Start importing Assets/Scenes/Level-1 1.unity using Guid(b551f121c8181a34cad79c1dcd1db07d) Importer(815301076,1909f56bfc062723c751e8b465ee728b)  -> (artifact id: '27b09ed41f98759d09a3c224877ff463') in 0.016751 seconds 
========================================================================
Received Import Request.
  Time since last request: 5.458303 seconds.
  path: Assets/Scenes/Level-2.unity
  artifactKey: Guid(b551f121c8181a34cad79c1dcd1db07d) Importer(815301076,1909f56bfc062723c751e8b465ee728b)
Start importing Assets/Scenes/Level-2.unity using Guid(b551f121c8181a34cad79c1dcd1db07d) Importer(815301076,1909f56bfc062723c751e8b465ee728b)  -> (artifact id: '4473ffc88d05d399be0392e950896d69') in 0.013184 seconds 
========================================================================
Received Prepare
Registering precompiled user dll's ...
Registered in 0.003062 seconds.
Begin MonoManager ReloadAssembly
Native extension for WindowsStandalone target not found
Refreshing native plugins compatible for Editor in 0.27 ms, found 0 plugins.
Preloading 0 native plugins for Editor in 0.00 ms.
Mono: successfully reloaded assembly
- Completed reload, in  1.507 seconds
Platform modules already initialized, skipping
Refreshing native plugins compatible for Editor in 0.26 ms, found 0 plugins.
Preloading 0 native plugins for Editor in 0.00 ms.
Unloading 1278 Unused Serialized files (Serialized files now loaded: 0)
System memory in use before: 64.3 MB.
System memory in use after: 64.4 MB.

Unloading 5 unused Assets to reduce memory usage. Loaded Objects now: 1755.
Total: 2.693800 ms (FindLiveObjects: 0.193700 ms CreateObjectMapping: 0.086000 ms MarkObjects: 2.393700 ms  DeleteObjects: 0.018500 ms)

========================================================================
Received Import Request.
  Time since last request: 297.247782 seconds.
  path: Assets/Scenes/Level-2.unity
  artifactKey: Guid(b551f121c8181a34cad79c1dcd1db07d) Importer(815301076,1909f56bfc062723c751e8b465ee728b)
Start importing Assets/Scenes/Level-2.unity using Guid(b551f121c8181a34cad79c1dcd1db07d) Importer(815301076,1909f56bfc062723c751e8b465ee728b)  -> (artifact id: '70f970bf21afbae1861c5a2dd01041b5') in 0.023810 seconds 
========================================================================
Received Prepare
Registering precompiled user dll's ...
Registered in 0.003263 seconds.
Begin MonoManager ReloadAssembly
Native extension for WindowsStandalone target not found
Refreshing native plugins compatible for Editor in 0.27 ms, found 0 plugins.
Preloading 0 native plugins for Editor in 0.00 ms.
Mono: successfully reloaded assembly
- Completed reload, in  2.054 seconds
Platform modules already initialized, skipping
Refreshing native plugins compatible for Editor in 0.41 ms, found 0 plugins.
Preloading 0 native plugins for Editor in 0.00 ms.
Unloading 1277 Unused Serialized files (Serialized files now loaded: 0)
System memory in use before: 64.3 MB.
System memory in use after: 64.4 MB.

Unloading 5 unused Assets to reduce memory usage. Loaded Objects now: 1758.
Total: 2.565000 ms (FindLiveObjects: 0.164000 ms CreateObjectMapping: 0.088000 ms MarkObjects: 2.294200 ms  DeleteObjects: 0.017300 ms)

========================================================================
Received Prepare
Registering precompiled user dll's ...
Registered in 0.002718 seconds.
Begin MonoManager ReloadAssembly
Native extension for WindowsStandalone target not found
Refreshing native plugins compatible for Editor in 0.27 ms, found 0 plugins.
Preloading 0 native plugins for Editor in 0.00 ms.
Mono: successfully reloaded assembly
- Completed reload, in  1.439 seconds
Platform modules already initialized, skipping
Refreshing native plugins compatible for Editor in 0.26 ms, found 0 plugins.
Preloading 0 native plugins for Editor in 0.00 ms.
Unloading 1277 Unused Serialized files (Serialized files now loaded: 0)
System memory in use before: 64.3 MB.
System memory in use after: 64.4 MB.

Unloading 5 unused Assets to reduce memory usage. Loaded Objects now: 1761.
Total: 4.284400 ms (FindLiveObjects: 0.363300 ms CreateObjectMapping: 0.168800 ms MarkObjects: 3.720400 ms  DeleteObjects: 0.029300 ms)

========================================================================
Received Prepare
Registering precompiled user dll's ...
Registered in 0.002154 seconds.
Begin MonoManager ReloadAssembly
Native extension for WindowsStandalone target not found
Refreshing native plugins compatible for Editor in 0.27 ms, found 0 plugins.
Preloading 0 native plugins for Editor in 0.00 ms.
Mono: successfully reloaded assembly
- Completed reload, in  1.564 seconds
Platform modules already initialized, skipping
Refreshing native plugins compatible for Editor in 0.41 ms, found 0 plugins.
Preloading 0 native plugins for Editor in 0.00 ms.
Unloading 1277 Unused Serialized files (Serialized files now loaded: 0)
System memory in use before: 64.3 MB.
System memory in use after: 64.4 MB.

Unloading 5 unused Assets to reduce memory usage. Loaded Objects now: 1764.
Total: 2.945700 ms (FindLiveObjects: 0.168100 ms CreateObjectMapping: 0.071700 ms MarkObjects: 2.684400 ms  DeleteObjects: 0.019400 ms)

========================================================================
Received Prepare
Registering precompiled user dll's ...
Registered in 0.002501 seconds.
Begin MonoManager ReloadAssembly
Native extension for WindowsStandalone target not found
Refreshing native plugins compatible for Editor in 0.28 ms, found 0 plugins.
Preloading 0 native plugins for Editor in 0.00 ms.
Mono: successfully reloaded assembly
- Completed reload, in  1.466 seconds
Platform modules already initialized, skipping
Refreshing native plugins compatible for Editor in 0.28 ms, found 0 plugins.
Preloading 0 native plugins for Editor in 0.00 ms.
Unloading 1277 Unused Serialized files (Serialized files now loaded: 0)
System memory in use before: 64.3 MB.
System memory in use after: 64.4 MB.

Unloading 5 unused Assets to reduce memory usage. Loaded Objects now: 1767.
Total: 3.054600 ms (FindLiveObjects: 0.185000 ms CreateObjectMapping: 0.090500 ms MarkObjects: 2.752100 ms  DeleteObjects: 0.024600 ms)

========================================================================
Received Prepare
Registering precompiled user dll's ...
Registered in 0.002097 seconds.
Begin MonoManager ReloadAssembly
Native extension for WindowsStandalone target not found
Refreshing native plugins compatible for Editor in 0.40 ms, found 0 plugins.
Preloading 0 native plugins for Editor in 0.00 ms.
Mono: successfully reloaded assembly
- Completed reload, in  1.991 seconds
Platform modules already initialized, skipping
Refreshing native plugins compatible for Editor in 0.27 ms, found 0 plugins.
Preloading 0 native plugins for Editor in 0.00 ms.
Unloading 1277 Unused Serialized files (Serialized files now loaded: 0)
System memory in use before: 64.3 MB.
System memory in use after: 64.4 MB.

Unloading 5 unused Assets to reduce memory usage. Loaded Objects now: 1770.
Total: 2.954200 ms (FindLiveObjects: 0.142200 ms CreateObjectMapping: 0.051200 ms MarkObjects: 2.731600 ms  DeleteObjects: 0.027700 ms)

========================================================================
Received Import Request.
  Time since last request: 425.683319 seconds.
  path: Assets/Scenes/Level-2.unity
  artifactKey: Guid(b551f121c8181a34cad79c1dcd1db07d) Importer(815301076,1909f56bfc062723c751e8b465ee728b)
Start importing Assets/Scenes/Level-2.unity using Guid(b551f121c8181a34cad79c1dcd1db07d) Importer(815301076,1909f56bfc062723c751e8b465ee728b)  -> (artifact id: 'dc7e9e1aec73708a8827868481406217') in 0.022658 seconds 
========================================================================
Received Prepare
Registering precompiled user dll's ...
Registered in 0.003114 seconds.
Begin MonoManager ReloadAssembly
Native extension for WindowsStandalone target not found
Refreshing native plugins compatible for Editor in 0.30 ms, found 0 plugins.
Preloading 0 native plugins for Editor in 0.00 ms.
Mono: successfully reloaded assembly
- Completed reload, in  1.812 seconds
Platform modules already initialized, skipping
Refreshing native plugins compatible for Editor in 0.52 ms, found 0 plugins.
Preloading 0 native plugins for Editor in 0.00 ms.
Unloading 1277 Unused Serialized files (Serialized files now loaded: 0)
System memory in use before: 64.3 MB.
System memory in use after: 64.4 MB.

Unloading 5 unused Assets to reduce memory usage. Loaded Objects now: 1773.
Total: 2.749900 ms (FindLiveObjects: 0.214300 ms CreateObjectMapping: 0.103600 ms MarkObjects: 2.410800 ms  DeleteObjects: 0.019600 ms)

========================================================================
Received Import Request.
  Time since last request: 12.764703 seconds.
  path: Assets/Scenes/Level-2 1.unity
  artifactKey: Guid(7a26fe9b7d54b814ab140dc9e227ffd7) Importer(815301076,1909f56bfc062723c751e8b465ee728b)
Start importing Assets/Scenes/Level-2 1.unity using Guid(7a26fe9b7d54b814ab140dc9e227ffd7) Importer(815301076,1909f56bfc062723c751e8b465ee728b)  -> (artifact id: 'a19100b0ee17540f7652437887c060c9') in 0.023634 seconds 
========================================================================
Received Import Request.
  Time since last request: 10.689240 seconds.
  path: Assets/Scenes/Level-3.unity
  artifactKey: Guid(7a26fe9b7d54b814ab140dc9e227ffd7) Importer(815301076,1909f56bfc062723c751e8b465ee728b)
Start importing Assets/Scenes/Level-3.unity using Guid(7a26fe9b7d54b814ab140dc9e227ffd7) Importer(815301076,1909f56bfc062723c751e8b465ee728b)  -> (artifact id: 'e8a6229e470e0827afd8bfae27982ad2') in 0.014143 seconds 
========================================================================
Received Prepare
Registering precompiled user dll's ...
Registered in 0.003457 seconds.
Begin MonoManager ReloadAssembly
Native extension for WindowsStandalone target not found
Refreshing native plugins compatible for Editor in 0.39 ms, found 0 plugins.
Preloading 0 native plugins for Editor in 0.00 ms.
Mono: successfully reloaded assembly
- Completed reload, in  1.867 seconds
Platform modules already initialized, skipping
Refreshing native plugins compatible for Editor in 0.94 ms, found 0 plugins.
Preloading 0 native plugins for Editor in 0.00 ms.
Unloading 1277 Unused Serialized files (Serialized files now loaded: 0)
System memory in use before: 64.4 MB.
System memory in use after: 64.4 MB.

Unloading 5 unused Assets to reduce memory usage. Loaded Objects now: 1776.
Total: 6.871400 ms (FindLiveObjects: 0.391500 ms CreateObjectMapping: 0.150000 ms MarkObjects: 6.276000 ms  DeleteObjects: 0.049500 ms)

========================================================================
Received Import Request.
  Time since last request: 162.139584 seconds.
  path: Assets/Scripts/Game.cs
  artifactKey: Guid(74d275b63e0a9f946b9e5bd65b640470) Importer(815301076,1909f56bfc062723c751e8b465ee728b)
Start importing Assets/Scripts/Game.cs using Guid(74d275b63e0a9f946b9e5bd65b640470) Importer(815301076,1909f56bfc062723c751e8b465ee728b)  -> (artifact id: '6a16e2390911d7a3dec5840c7465b4ca') in 0.306494 seconds 
========================================================================
Received Import Request.
  Time since last request: 148.409643 seconds.
  path: Assets/Scenes/Level-3.unity
  artifactKey: Guid(7a26fe9b7d54b814ab140dc9e227ffd7) Importer(815301076,1909f56bfc062723c751e8b465ee728b)
Start importing Assets/Scenes/Level-3.unity using Guid(7a26fe9b7d54b814ab140dc9e227ffd7) Importer(815301076,1909f56bfc062723c751e8b465ee728b)  -> (artifact id: '2714df44c6bda3443f011dee145f412f') in 0.021396 seconds 
========================================================================
Received Prepare
Registering precompiled user dll's ...
Registered in 0.015294 seconds.
Begin MonoManager ReloadAssembly
Native extension for WindowsStandalone target not found
Refreshing native plugins compatible for Editor in 0.57 ms, found 0 plugins.
Preloading 0 native plugins for Editor in 0.00 ms.
Mono: successfully reloaded assembly
- Completed reload, in  2.257 seconds
Platform modules already initialized, skipping
Refreshing native plugins compatible for Editor in 0.26 ms, found 0 plugins.
Preloading 0 native plugins for Editor in 0.00 ms.
Unloading 1277 Unused Serialized files (Serialized files now loaded: 0)
System memory in use before: 64.4 MB.
System memory in use after: 64.5 MB.

Unloading 5 unused Assets to reduce memory usage. Loaded Objects now: 1779.
Total: 2.888600 ms (FindLiveObjects: 0.606900 ms CreateObjectMapping: 0.112400 ms MarkObjects: 2.148100 ms  DeleteObjects: 0.019200 ms)

========================================================================
Received Prepare
Registering precompiled user dll's ...
Registered in 0.003647 seconds.
Begin MonoManager ReloadAssembly
Native extension for WindowsStandalone target not found
Refreshing native plugins compatible for Editor in 0.27 ms, found 0 plugins.
Preloading 0 native plugins for Editor in 0.00 ms.
Mono: successfully reloaded assembly
- Completed reload, in  1.436 seconds
Platform modules already initialized, skipping
Refreshing native plugins compatible for Editor in 0.27 ms, found 0 plugins.
Preloading 0 native plugins for Editor in 0.00 ms.
Unloading 1277 Unused Serialized files (Serialized files now loaded: 0)
System memory in use before: 64.4 MB.
System memory in use after: 64.5 MB.

Unloading 5 unused Assets to reduce memory usage. Loaded Objects now: 1782.
Total: 5.352300 ms (FindLiveObjects: 0.858800 ms CreateObjectMapping: 0.330600 ms MarkObjects: 4.132200 ms  DeleteObjects: 0.025200 ms)

========================================================================
Received Prepare
Registering precompiled user dll's ...
Registered in 0.003959 seconds.
Begin MonoManager ReloadAssembly
Native extension for WindowsStandalone target not found
Refreshing native plugins compatible for Editor in 0.29 ms, found 0 plugins.
Preloading 0 native plugins for Editor in 0.00 ms.
Mono: successfully reloaded assembly
- Completed reload, in  1.732 seconds
Platform modules already initialized, skipping
Refreshing native plugins compatible for Editor in 0.27 ms, found 0 plugins.
Preloading 0 native plugins for Editor in 0.00 ms.
Unloading 1277 Unused Serialized files (Serialized files now loaded: 0)
System memory in use before: 64.4 MB.
System memory in use after: 64.5 MB.

Unloading 5 unused Assets to reduce memory usage. Loaded Objects now: 1785.
Total: 2.925500 ms (FindLiveObjects: 0.270800 ms CreateObjectMapping: 0.077800 ms MarkObjects: 2.553000 ms  DeleteObjects: 0.021900 ms)

========================================================================
Received Prepare
Registering precompiled user dll's ...
Registered in 0.012056 seconds.
Begin MonoManager ReloadAssembly
Native extension for WindowsStandalone target not found
Refreshing native plugins compatible for Editor in 0.52 ms, found 0 plugins.
Preloading 0 native plugins for Editor in 0.00 ms.
Mono: successfully reloaded assembly
- Completed reload, in  4.347 seconds
Platform modules already initialized, skipping
Refreshing native plugins compatible for Editor in 0.55 ms, found 0 plugins.
Preloading 0 native plugins for Editor in 0.00 ms.
Unloading 1277 Unused Serialized files (Serialized files now loaded: 0)
System memory in use before: 64.4 MB.
System memory in use after: 64.5 MB.

Unloading 5 unused Assets to reduce memory usage. Loaded Objects now: 1788.
Total: 6.509500 ms (FindLiveObjects: 0.313300 ms CreateObjectMapping: 0.191500 ms MarkObjects: 5.972200 ms  DeleteObjects: 0.030200 ms)

========================================================================
Received Prepare
Registering precompiled user dll's ...
Registered in 0.002660 seconds.
Begin MonoManager ReloadAssembly
Native extension for WindowsStandalone target not found
Refreshing native plugins compatible for Editor in 0.42 ms, found 0 plugins.
Preloading 0 native plugins for Editor in 0.00 ms.
Mono: successfully reloaded assembly
- Completed reload, in  2.247 seconds
Platform modules already initialized, skipping
Refreshing native plugins compatible for Editor in 0.26 ms, found 0 plugins.
Preloading 0 native plugins for Editor in 0.00 ms.
Unloading 1277 Unused Serialized files (Serialized files now loaded: 0)
System memory in use before: 64.4 MB.
System memory in use after: 64.5 MB.

Unloading 5 unused Assets to reduce memory usage. Loaded Objects now: 1791.
Total: 3.958800 ms (FindLiveObjects: 0.267100 ms CreateObjectMapping: 0.129500 ms MarkObjects: 3.530000 ms  DeleteObjects: 0.029700 ms)

========================================================================
Received Import Request.
  Time since last request: 852.504904 seconds.
  path: Assets/Scenes/Main-Menu 1.unity
  artifactKey: Guid(e2875ed4b0b963443a04f9be5b8ec4b1) Importer(815301076,1909f56bfc062723c751e8b465ee728b)
Start importing Assets/Scenes/Main-Menu 1.unity using Guid(e2875ed4b0b963443a04f9be5b8ec4b1) Importer(815301076,1909f56bfc062723c751e8b465ee728b)  -> (artifact id: 'cb4d1efcef6cb303b6697152a6252f9d') in 0.027686 seconds 
========================================================================
Received Import Request.
  Time since last request: 108.578612 seconds.
  path: Assets/Scenes/End.unity
  artifactKey: Guid(e2875ed4b0b963443a04f9be5b8ec4b1) Importer(815301076,1909f56bfc062723c751e8b465ee728b)
Start importing Assets/Scenes/End.unity using Guid(e2875ed4b0b963443a04f9be5b8ec4b1) Importer(815301076,1909f56bfc062723c751e8b465ee728b)  -> (artifact id: '689886d7f6458708b42747bc8cf27c6e') in 0.013366 seconds 
========================================================================
Received Prepare
Registering precompiled user dll's ...
Registered in 0.004390 seconds.
Begin MonoManager ReloadAssembly
Native extension for WindowsStandalone target not found
Refreshing native plugins compatible for Editor in 0.29 ms, found 0 plugins.
Preloading 0 native plugins for Editor in 0.00 ms.
Mono: successfully reloaded assembly
- Completed reload, in  1.791 seconds
Platform modules already initialized, skipping
Refreshing native plugins compatible for Editor in 0.27 ms, found 0 plugins.
Preloading 0 native plugins for Editor in 0.00 ms.
Unloading 1277 Unused Serialized files (Serialized files now loaded: 0)
System memory in use before: 64.4 MB.
System memory in use after: 64.5 MB.

Unloading 5 unused Assets to reduce memory usage. Loaded Objects now: 1794.
Total: 2.850200 ms (FindLiveObjects: 0.166500 ms CreateObjectMapping: 0.046400 ms MarkObjects: 2.615600 ms  DeleteObjects: 0.020300 ms)

========================================================================
Received Import Request.
  Time since last request: 519.405287 seconds.
  path: Assets/Scenes/Level-3.unity
  artifactKey: Guid(7a26fe9b7d54b814ab140dc9e227ffd7) Importer(815301076,1909f56bfc062723c751e8b465ee728b)
Start importing Assets/Scenes/Level-3.unity using Guid(7a26fe9b7d54b814ab140dc9e227ffd7) Importer(815301076,1909f56bfc062723c751e8b465ee728b)  -> (artifact id: '97f17d7605709deb6648dcd46df85f10') in 0.015899 seconds 
========================================================================
Received Import Request.
  Time since last request: 17.368555 seconds.
  path: Assets/Scenes/Main-Menu.unity
  artifactKey: Guid(da76883fcfd8c3b4c9309444804b8df0) Importer(815301076,1909f56bfc062723c751e8b465ee728b)
Start importing Assets/Scenes/Main-Menu.unity using Guid(da76883fcfd8c3b4c9309444804b8df0) Importer(815301076,1909f56bfc062723c751e8b465ee728b)  -> (artifact id: 'ec601b72e5c0af2fac294c97ba2986d9') in 0.040069 seconds 
========================================================================
Received Prepare
Registering precompiled user dll's ...
Registered in 0.004315 seconds.
Begin MonoManager ReloadAssembly
Native extension for WindowsStandalone target not found
Refreshing native plugins compatible for Editor in 0.34 ms, found 0 plugins.
Preloading 0 native plugins for Editor in 0.00 ms.
Mono: successfully reloaded assembly
- Completed reload, in  2.183 seconds
Platform modules already initialized, skipping
Refreshing native plugins compatible for Editor in 0.51 ms, found 0 plugins.
Preloading 0 native plugins for Editor in 0.00 ms.
Unloading 1277 Unused Serialized files (Serialized files now loaded: 0)
System memory in use before: 64.4 MB.
System memory in use after: 64.5 MB.

Unloading 5 unused Assets to reduce memory usage. Loaded Objects now: 1797.
Total: 3.878700 ms (FindLiveObjects: 0.249500 ms CreateObjectMapping: 0.096000 ms MarkObjects: 3.505000 ms  DeleteObjects: 0.026000 ms)

========================================================================
Received Import Request.
  Time since last request: 161.911347 seconds.
  path: Assets/Scenes/End.unity
  artifactKey: Guid(e2875ed4b0b963443a04f9be5b8ec4b1) Importer(815301076,1909f56bfc062723c751e8b465ee728b)
Start importing Assets/Scenes/End.unity using Guid(e2875ed4b0b963443a04f9be5b8ec4b1) Importer(815301076,1909f56bfc062723c751e8b465ee728b)  -> (artifact id: 'a6e561f818ff07a097ee55c9c6ea11d2') in 0.020699 seconds 
========================================================================
Received Import Request.
  Time since last request: 107.681012 seconds.
  path: Assets/Scenes/Level-3.unity
  artifactKey: Guid(7a26fe9b7d54b814ab140dc9e227ffd7) Importer(815301076,1909f56bfc062723c751e8b465ee728b)
Start importing Assets/Scenes/Level-3.unity using Guid(7a26fe9b7d54b814ab140dc9e227ffd7) Importer(815301076,1909f56bfc062723c751e8b465ee728b)  -> (artifact id: '99648dfff5a5be28a38bbf5e33d51fd3') in 0.006597 seconds 
========================================================================
Received Import Request.
  Time since last request: 14.948557 seconds.
  path: Assets/Scenes/End.unity
  artifactKey: Guid(e2875ed4b0b963443a04f9be5b8ec4b1) Importer(815301076,1909f56bfc062723c751e8b465ee728b)
Start importing Assets/Scenes/End.unity using Guid(e2875ed4b0b963443a04f9be5b8ec4b1) Importer(815301076,1909f56bfc062723c751e8b465ee728b)  -> (artifact id: '2dde9eb3582371120164c0b21b9c450b') in 0.007974 seconds 
========================================================================
Received Prepare
Registering precompiled user dll's ...
Registered in 0.002536 seconds.
Begin MonoManager ReloadAssembly
Native extension for WindowsStandalone target not found
Refreshing native plugins compatible for Editor in 0.54 ms, found 0 plugins.
Preloading 0 native plugins for Editor in 0.00 ms.
Mono: successfully reloaded assembly
- Completed reload, in  2.133 seconds
Platform modules already initialized, skipping
Refreshing native plugins compatible for Editor in 0.33 ms, found 0 plugins.
Preloading 0 native plugins for Editor in 0.00 ms.
Unloading 1277 Unused Serialized files (Serialized files now loaded: 0)
System memory in use before: 64.4 MB.
System memory in use after: 64.5 MB.

Unloading 5 unused Assets to reduce memory usage. Loaded Objects now: 1800.
Total: 3.028700 ms (FindLiveObjects: 0.201100 ms CreateObjectMapping: 0.076500 ms MarkObjects: 2.730500 ms  DeleteObjects: 0.018700 ms)

========================================================================
Received Import Request.
  Time since last request: 28.388886 seconds.
  path: Assets/Scenes/Level-4-End.unity
  artifactKey: Guid(e2875ed4b0b963443a04f9be5b8ec4b1) Importer(815301076,1909f56bfc062723c751e8b465ee728b)
Start importing Assets/Scenes/Level-4-End.unity using Guid(e2875ed4b0b963443a04f9be5b8ec4b1) Importer(815301076,1909f56bfc062723c751e8b465ee728b)  -> (artifact id: '63019438483e57221de9d17f0e95960d') in 0.046291 seconds 
========================================================================
Received Prepare
Registering precompiled user dll's ...
Registered in 0.002075 seconds.
Begin MonoManager ReloadAssembly
Native extension for WindowsStandalone target not found
Refreshing native plugins compatible for Editor in 0.40 ms, found 0 plugins.
Preloading 0 native plugins for Editor in 0.00 ms.
Mono: successfully reloaded assembly
- Completed reload, in  1.782 seconds
Platform modules already initialized, skipping
Refreshing native plugins compatible for Editor in 0.35 ms, found 0 plugins.
Preloading 0 native plugins for Editor in 0.00 ms.
Unloading 1277 Unused Serialized files (Serialized files now loaded: 0)
System memory in use before: 64.5 MB.
System memory in use after: 64.5 MB.

Unloading 5 unused Assets to reduce memory usage. Loaded Objects now: 1803.
Total: 3.397200 ms (FindLiveObjects: 0.183800 ms CreateObjectMapping: 0.072000 ms MarkObjects: 3.109000 ms  DeleteObjects: 0.030000 ms)

========================================================================
Received Import Request.
  Time since last request: 85.755410 seconds.
  path: Assets/Scenes/Level-4.unity
  artifactKey: Guid(e2875ed4b0b963443a04f9be5b8ec4b1) Importer(815301076,1909f56bfc062723c751e8b465ee728b)
Start importing Assets/Scenes/Level-4.unity using Guid(e2875ed4b0b963443a04f9be5b8ec4b1) Importer(815301076,1909f56bfc062723c751e8b465ee728b)  -> (artifact id: 'f68e2d6177f4e0d4edf001bf62fc7822') in 0.023453 seconds 
========================================================================
Received Prepare
Registering precompiled user dll's ...
Registered in 0.002017 seconds.
Begin MonoManager ReloadAssembly
Native extension for WindowsStandalone target not found
Refreshing native plugins compatible for Editor in 0.27 ms, found 0 plugins.
Preloading 0 native plugins for Editor in 0.00 ms.
Mono: successfully reloaded assembly
- Completed reload, in  1.448 seconds
Platform modules already initialized, skipping
Refreshing native plugins compatible for Editor in 0.29 ms, found 0 plugins.
Preloading 0 native plugins for Editor in 0.00 ms.
Unloading 1277 Unused Serialized files (Serialized files now loaded: 0)
System memory in use before: 64.5 MB.
System memory in use after: 64.6 MB.

Unloading 5 unused Assets to reduce memory usage. Loaded Objects now: 1806.
Total: 3.450600 ms (FindLiveObjects: 0.368700 ms CreateObjectMapping: 0.174300 ms MarkObjects: 2.885900 ms  DeleteObjects: 0.020000 ms)

========================================================================
Received Import Request.
  Time since last request: 318.320247 seconds.
  path: Assets/Scenes/Level-6.unity
  artifactKey: Guid(e2875ed4b0b963443a04f9be5b8ec4b1) Importer(815301076,1909f56bfc062723c751e8b465ee728b)
Start importing Assets/Scenes/Level-6.unity using Guid(e2875ed4b0b963443a04f9be5b8ec4b1) Importer(815301076,1909f56bfc062723c751e8b465ee728b)  -> (artifact id: 'd8fed021fd24697a3e8e533573895f1e') in 0.045394 seconds 
========================================================================
Received Import Request.
  Time since last request: 5.110819 seconds.
  path: Assets/Scenes/Level-3 1.unity
  artifactKey: Guid(ac93e4404d2fd2c42ba2d50b02a03e36) Importer(815301076,1909f56bfc062723c751e8b465ee728b)
Start importing Assets/Scenes/Level-3 1.unity using Guid(ac93e4404d2fd2c42ba2d50b02a03e36) Importer(815301076,1909f56bfc062723c751e8b465ee728b)  -> (artifact id: 'd9e7ed91a74c07f13566631d5330e53e') in 0.009279 seconds 
========================================================================
Received Import Request.
  Time since last request: 6.254450 seconds.
  path: Assets/Scenes/Level-4.unity
  artifactKey: Guid(ac93e4404d2fd2c42ba2d50b02a03e36) Importer(815301076,1909f56bfc062723c751e8b465ee728b)
Start importing Assets/Scenes/Level-4.unity using Guid(ac93e4404d2fd2c42ba2d50b02a03e36) Importer(815301076,1909f56bfc062723c751e8b465ee728b)  -> (artifact id: '95a01da428fe210a28a8b9dde1844bc0') in 0.006324 seconds 
========================================================================
Received Prepare
Registering precompiled user dll's ...
Registered in 0.002090 seconds.
Begin MonoManager ReloadAssembly
Native extension for WindowsStandalone target not found
Refreshing native plugins compatible for Editor in 0.29 ms, found 0 plugins.
Preloading 0 native plugins for Editor in 0.00 ms.
Mono: successfully reloaded assembly
- Completed reload, in  1.714 seconds
Platform modules already initialized, skipping
Refreshing native plugins compatible for Editor in 0.28 ms, found 0 plugins.
Preloading 0 native plugins for Editor in 0.00 ms.
Unloading 1277 Unused Serialized files (Serialized files now loaded: 0)
System memory in use before: 64.5 MB.
System memory in use after: 64.6 MB.

Unloading 5 unused Assets to reduce memory usage. Loaded Objects now: 1809.
Total: 3.119900 ms (FindLiveObjects: 0.354200 ms CreateObjectMapping: 0.127800 ms MarkObjects: 2.614800 ms  DeleteObjects: 0.020900 ms)

========================================================================
Received Prepare
Registering precompiled user dll's ...
Registered in 0.002328 seconds.
Begin MonoManager ReloadAssembly
Native extension for WindowsStandalone target not found
Refreshing native plugins compatible for Editor in 0.27 ms, found 0 plugins.
Preloading 0 native plugins for Editor in 0.00 ms.
Mono: successfully reloaded assembly
- Completed reload, in  1.449 seconds
Platform modules already initialized, skipping
Refreshing native plugins compatible for Editor in 0.43 ms, found 0 plugins.
Preloading 0 native plugins for Editor in 0.00 ms.
Unloading 1277 Unused Serialized files (Serialized files now loaded: 0)
System memory in use before: 64.5 MB.
System memory in use after: 64.6 MB.

Unloading 5 unused Assets to reduce memory usage. Loaded Objects now: 1812.
Total: 2.410900 ms (FindLiveObjects: 0.191500 ms CreateObjectMapping: 0.060300 ms MarkObjects: 2.138500 ms  DeleteObjects: 0.018600 ms)

========================================================================
Received Prepare
Registering precompiled user dll's ...
Registered in 0.002223 seconds.
Begin MonoManager ReloadAssembly
Native extension for WindowsStandalone target not found
Refreshing native plugins compatible for Editor in 0.30 ms, found 0 plugins.
Preloading 0 native plugins for Editor in 0.00 ms.
Mono: successfully reloaded assembly
- Completed reload, in  1.424 seconds
Platform modules already initialized, skipping
Refreshing native plugins compatible for Editor in 0.26 ms, found 0 plugins.
Preloading 0 native plugins for Editor in 0.00 ms.
Unloading 1277 Unused Serialized files (Serialized files now loaded: 0)
System memory in use before: 64.5 MB.
System memory in use after: 64.6 MB.

Unloading 5 unused Assets to reduce memory usage. Loaded Objects now: 1815.
Total: 3.913900 ms (FindLiveObjects: 0.298600 ms CreateObjectMapping: 0.156200 ms MarkObjects: 3.401800 ms  DeleteObjects: 0.054900 ms)

========================================================================
Received Import Request.
  Time since last request: 1161.992874 seconds.
  path: Assets/Scenes/Level-4.unity
  artifactKey: Guid(ac93e4404d2fd2c42ba2d50b02a03e36) Importer(815301076,1909f56bfc062723c751e8b465ee728b)
Start importing Assets/Scenes/Level-4.unity using Guid(ac93e4404d2fd2c42ba2d50b02a03e36) Importer(815301076,1909f56bfc062723c751e8b465ee728b)  -> (artifact id: '9102900351bae83703e7cc186d30cdb4') in 0.017904 seconds 
========================================================================
Received Import Request.
  Time since last request: 0.846321 seconds.
  path: Assets/Scenes/Level-4 1.unity
  artifactKey: Guid(bccdb44bb057d334eaa3e397d09166b4) Importer(815301076,1909f56bfc062723c751e8b465ee728b)
Start importing Assets/Scenes/Level-4 1.unity using Guid(bccdb44bb057d334eaa3e397d09166b4) Importer(815301076,1909f56bfc062723c751e8b465ee728b)  -> (artifact id: '1da9638661f6ecd416aae24653e2cd5e') in 0.020129 seconds 
========================================================================
Received Import Request.
  Time since last request: 5.162647 seconds.
  path: Assets/Scenes/Level-5.unity
  artifactKey: Guid(bccdb44bb057d334eaa3e397d09166b4) Importer(815301076,1909f56bfc062723c751e8b465ee728b)
Start importing Assets/Scenes/Level-5.unity using Guid(bccdb44bb057d334eaa3e397d09166b4) Importer(815301076,1909f56bfc062723c751e8b465ee728b)  -> (artifact id: '42be9309f6bbff77e759352a39c43b21') in 0.009659 seconds 
========================================================================
Received Prepare
Registering precompiled user dll's ...
Registered in 0.003200 seconds.
Begin MonoManager ReloadAssembly
Native extension for WindowsStandalone target not found
Refreshing native plugins compatible for Editor in 0.27 ms, found 0 plugins.
Preloading 0 native plugins for Editor in 0.00 ms.
Mono: successfully reloaded assembly
- Completed reload, in  1.500 seconds
Platform modules already initialized, skipping
Refreshing native plugins compatible for Editor in 0.27 ms, found 0 plugins.
Preloading 0 native plugins for Editor in 0.00 ms.
Unloading 1277 Unused Serialized files (Serialized files now loaded: 0)
System memory in use before: 64.5 MB.
System memory in use after: 64.6 MB.

Unloading 5 unused Assets to reduce memory usage. Loaded Objects now: 1818.
Total: 2.877500 ms (FindLiveObjects: 0.204400 ms CreateObjectMapping: 0.076100 ms MarkObjects: 2.574800 ms  DeleteObjects: 0.020200 ms)

========================================================================
Received Import Request.
  Time since last request: 592.970779 seconds.
  path: Assets/Scenes/Level-5.unity
  artifactKey: Guid(bccdb44bb057d334eaa3e397d09166b4) Importer(815301076,1909f56bfc062723c751e8b465ee728b)
Start importing Assets/Scenes/Level-5.unity using Guid(bccdb44bb057d334eaa3e397d09166b4) Importer(815301076,1909f56bfc062723c751e8b465ee728b)  -> (artifact id: '17cd6511b806ecd8c713358e6c15e7fe') in 0.044994 seconds 
========================================================================
Received Prepare
Registering precompiled user dll's ...
Registered in 0.002064 seconds.
Begin MonoManager ReloadAssembly
Native extension for WindowsStandalone target not found
Refreshing native plugins compatible for Editor in 0.28 ms, found 0 plugins.
Preloading 0 native plugins for Editor in 0.00 ms.
Mono: successfully reloaded assembly
- Completed reload, in  1.323 seconds
Platform modules already initialized, skipping
Refreshing native plugins compatible for Editor in 0.26 ms, found 0 plugins.
Preloading 0 native plugins for Editor in 0.00 ms.
Unloading 1277 Unused Serialized files (Serialized files now loaded: 0)
System memory in use before: 64.5 MB.
System memory in use after: 64.6 MB.

Unloading 5 unused Assets to reduce memory usage. Loaded Objects now: 1821.
Total: 3.618700 ms (FindLiveObjects: 0.154400 ms CreateObjectMapping: 0.055500 ms MarkObjects: 3.374200 ms  DeleteObjects: 0.033000 ms)

========================================================================
Received Import Request.
  Time since last request: 32.052481 seconds.
  path: Assets/Scenes/Level-4.unity
  artifactKey: Guid(ac93e4404d2fd2c42ba2d50b02a03e36) Importer(815301076,1909f56bfc062723c751e8b465ee728b)
Start importing Assets/Scenes/Level-4.unity using Guid(ac93e4404d2fd2c42ba2d50b02a03e36) Importer(815301076,1909f56bfc062723c751e8b465ee728b)  -> (artifact id: '951b6a3f092cfc49e5ce2dbe3a5be921') in 0.018884 seconds 
========================================================================
Received Import Request.
  Time since last request: 10.324252 seconds.
  path: Assets/Scenes/Level-5.unity
  artifactKey: Guid(bccdb44bb057d334eaa3e397d09166b4) Importer(815301076,1909f56bfc062723c751e8b465ee728b)
Start importing Assets/Scenes/Level-5.unity using Guid(bccdb44bb057d334eaa3e397d09166b4) Importer(815301076,1909f56bfc062723c751e8b465ee728b)  -> (artifact id: '8274d154fc0f03684112c3b6712c833d') in 0.007485 seconds 
========================================================================
Received Prepare
Registering precompiled user dll's ...
Registered in 0.002394 seconds.
Begin MonoManager ReloadAssembly
Native extension for WindowsStandalone target not found
Refreshing native plugins compatible for Editor in 0.34 ms, found 0 plugins.
Preloading 0 native plugins for Editor in 0.00 ms.
Mono: successfully reloaded assembly
- Completed reload, in  1.414 seconds
Platform modules already initialized, skipping
Refreshing native plugins compatible for Editor in 0.29 ms, found 0 plugins.
Preloading 0 native plugins for Editor in 0.00 ms.
Unloading 1277 Unused Serialized files (Serialized files now loaded: 0)
System memory in use before: 64.6 MB.
System memory in use after: 64.6 MB.

Unloading 5 unused Assets to reduce memory usage. Loaded Objects now: 1824.
Total: 2.423500 ms (FindLiveObjects: 0.169900 ms CreateObjectMapping: 0.059500 ms MarkObjects: 2.173600 ms  DeleteObjects: 0.018800 ms)

========================================================================
Received Import Request.
  Time since last request: 627.665252 seconds.
  path: Assets/Scenes/Level-5.unity
  artifactKey: Guid(bccdb44bb057d334eaa3e397d09166b4) Importer(815301076,1909f56bfc062723c751e8b465ee728b)
Start importing Assets/Scenes/Level-5.unity using Guid(bccdb44bb057d334eaa3e397d09166b4) Importer(815301076,1909f56bfc062723c751e8b465ee728b)  -> (artifact id: '2a4fe1295b4f841969b52c8a96a31b18') in 0.018813 seconds 
========================================================================
Received Import Request.
  Time since last request: 57.645940 seconds.
  path: Assets/Scenes/Level-6.unity
  artifactKey: Guid(e2875ed4b0b963443a04f9be5b8ec4b1) Importer(815301076,1909f56bfc062723c751e8b465ee728b)
Start importing Assets/Scenes/Level-6.unity using Guid(e2875ed4b0b963443a04f9be5b8ec4b1) Importer(815301076,1909f56bfc062723c751e8b465ee728b)  -> (artifact id: 'f9327a7b97ad44e545f458c7af09d83f') in 0.006450 seconds 
========================================================================
Received Prepare
Registering precompiled user dll's ...
Registered in 0.002015 seconds.
Begin MonoManager ReloadAssembly
Native extension for WindowsStandalone target not found
Refreshing native plugins compatible for Editor in 0.32 ms, found 0 plugins.
Preloading 0 native plugins for Editor in 0.00 ms.
Mono: successfully reloaded assembly
- Completed reload, in  1.362 seconds
Platform modules already initialized, skipping
Refreshing native plugins compatible for Editor in 0.27 ms, found 0 plugins.
Preloading 0 native plugins for Editor in 0.00 ms.
Unloading 1277 Unused Serialized files (Serialized files now loaded: 0)
System memory in use before: 64.6 MB.
System memory in use after: 64.7 MB.

Unloading 5 unused Assets to reduce memory usage. Loaded Objects now: 1827.
Total: 2.337300 ms (FindLiveObjects: 0.152500 ms CreateObjectMapping: 0.054900 ms MarkObjects: 2.081200 ms  DeleteObjects: 0.047200 ms)

========================================================================
Received Prepare
Refreshing native plugins compatible for Editor in 1.55 ms, found 0 plugins.
Preloading 0 native plugins for Editor in 0.00 ms.
Unloading 4 Unused Serialized files (Serialized files now loaded: 0)
System memory in use before: 39.1 MB.
System memory in use after: 39.2 MB.

Unloading 3 unused Assets to reduce memory usage. Loaded Objects now: 1827.
Total: 3.877400 ms (FindLiveObjects: 0.647800 ms CreateObjectMapping: 0.306100 ms MarkObjects: 2.902500 ms  DeleteObjects: 0.018900 ms)

========================================================================
Received Prepare
Registering precompiled user dll's ...
Registered in 0.003177 seconds.
Begin MonoManager ReloadAssembly
Native extension for WindowsStandalone target not found
Refreshing native plugins compatible for Editor in 4.14 ms, found 0 plugins.
Preloading 0 native plugins for Editor in 0.00 ms.
Mono: successfully reloaded assembly
- Completed reload, in  2.306 seconds
Platform modules already initialized, skipping
Refreshing native plugins compatible for Editor in 0.43 ms, found 0 plugins.
Preloading 0 native plugins for Editor in 0.00 ms.
Unloading 1277 Unused Serialized files (Serialized files now loaded: 0)
System memory in use before: 64.7 MB.
System memory in use after: 64.8 MB.

Unloading 5 unused Assets to reduce memory usage. Loaded Objects now: 1830.
Total: 6.268800 ms (FindLiveObjects: 0.241000 ms CreateObjectMapping: 0.110300 ms MarkObjects: 5.886700 ms  DeleteObjects: 0.027900 ms)

========================================================================
Received Prepare
Refreshing native plugins compatible for Editor in 2.66 ms, found 0 plugins.
Preloading 0 native plugins for Editor in 0.00 ms.
Unloading 4 Unused Serialized files (Serialized files now loaded: 0)
System memory in use before: 39.3 MB.
System memory in use after: 39.4 MB.

Unloading 3 unused Assets to reduce memory usage. Loaded Objects now: 1830.
Total: 3.384000 ms (FindLiveObjects: 0.222100 ms CreateObjectMapping: 0.098500 ms MarkObjects: 3.038300 ms  DeleteObjects: 0.022500 ms)

========================================================================
Received Prepare
Registering precompiled user dll's ...
Registered in 0.003698 seconds.
Begin MonoManager ReloadAssembly
Native extension for WindowsStandalone target not found
Refreshing native plugins compatible for Editor in 0.27 ms, found 0 plugins.
Preloading 0 native plugins for Editor in 0.00 ms.
Mono: successfully reloaded assembly
- Completed reload, in  1.571 seconds
Platform modules already initialized, skipping
Refreshing native plugins compatible for Editor in 0.42 ms, found 0 plugins.
Preloading 0 native plugins for Editor in 0.00 ms.
Unloading 1277 Unused Serialized files (Serialized files now loaded: 0)
System memory in use before: 64.8 MB.
System memory in use after: 64.9 MB.

Unloading 5 unused Assets to reduce memory usage. Loaded Objects now: 1833.
Total: 3.318900 ms (FindLiveObjects: 0.224900 ms CreateObjectMapping: 0.095100 ms MarkObjects: 2.976300 ms  DeleteObjects: 0.020700 ms)

========================================================================
Received Import Request.
  Time since last request: 2275.794863 seconds.
  path: Assets/Images/BlueCube-1.png
  artifactKey: Guid(00a8514bf70c3024590c483fa7e1baa5) Importer(815301076,1909f56bfc062723c751e8b465ee728b)
Start importing Assets/Images/BlueCube-1.png using Guid(00a8514bf70c3024590c483fa7e1baa5) Importer(815301076,1909f56bfc062723c751e8b465ee728b)  -> (artifact id: 'da35690013f863773a6f8ff3b89f26e1') in 0.290054 seconds 
========================================================================
Received Prepare
Registering precompiled user dll's ...
Registered in 0.003004 seconds.
Begin MonoManager ReloadAssembly
Native extension for WindowsStandalone target not found
Refreshing native plugins compatible for Editor in 0.26 ms, found 0 plugins.
Preloading 0 native plugins for Editor in 0.00 ms.
Mono: successfully reloaded assembly
- Completed reload, in  1.847 seconds
Platform modules already initialized, skipping
Refreshing native plugins compatible for Editor in 0.42 ms, found 0 plugins.
Preloading 0 native plugins for Editor in 0.00 ms.
Unloading 1278 Unused Serialized files (Serialized files now loaded: 0)
System memory in use before: 65.6 MB.
System memory in use after: 65.7 MB.

Unloading 5 unused Assets to reduce memory usage. Loaded Objects now: 1853.
Total: 4.705900 ms (FindLiveObjects: 0.178000 ms CreateObjectMapping: 0.074900 ms MarkObjects: 4.427000 ms  DeleteObjects: 0.024000 ms)

========================================================================
Received Prepare
Refreshing native plugins compatible for Editor in 2.73 ms, found 0 plugins.
Preloading 0 native plugins for Editor in 0.00 ms.
Unloading 4 Unused Serialized files (Serialized files now loaded: 0)
System memory in use before: 40.1 MB.
System memory in use after: 40.2 MB.

Unloading 3 unused Assets to reduce memory usage. Loaded Objects now: 1853.
Total: 2.634700 ms (FindLiveObjects: 0.235900 ms CreateObjectMapping: 0.106800 ms MarkObjects: 2.270400 ms  DeleteObjects: 0.019500 ms)

========================================================================
Received Prepare
Refreshing native plugins compatible for Editor in 2.31 ms, found 0 plugins.
Preloading 0 native plugins for Editor in 0.00 ms.
Unloading 4 Unused Serialized files (Serialized files now loaded: 0)
System memory in use before: 40.1 MB.
System memory in use after: 40.2 MB.

Unloading 3 unused Assets to reduce memory usage. Loaded Objects now: 1853.
Total: 5.174500 ms (FindLiveObjects: 0.722700 ms CreateObjectMapping: 0.328100 ms MarkObjects: 4.096000 ms  DeleteObjects: 0.025900 ms)

========================================================================
Received Prepare
Registering precompiled user dll's ...
Registered in 0.002873 seconds.
Begin MonoManager ReloadAssembly
Native extension for WindowsStandalone target not found
Refreshing native plugins compatible for Editor in 0.86 ms, found 0 plugins.
Preloading 0 native plugins for Editor in 0.00 ms.
Mono: successfully reloaded assembly
- Completed reload, in  1.585 seconds
Platform modules already initialized, skipping
Refreshing native plugins compatible for Editor in 0.41 ms, found 0 plugins.
Preloading 0 native plugins for Editor in 0.00 ms.
Unloading 1277 Unused Serialized files (Serialized files now loaded: 0)
System memory in use before: 65.6 MB.
System memory in use after: 65.7 MB.

Unloading 5 unused Assets to reduce memory usage. Loaded Objects now: 1856.
Total: 5.830700 ms (FindLiveObjects: 0.602600 ms CreateObjectMapping: 0.210800 ms MarkObjects: 4.988300 ms  DeleteObjects: 0.026600 ms)

========================================================================
Received Prepare
Registering precompiled user dll's ...
Registered in 0.004011 seconds.
Begin MonoManager ReloadAssembly
Native extension for WindowsStandalone target not found
Refreshing native plugins compatible for Editor in 0.26 ms, found 0 plugins.
Preloading 0 native plugins for Editor in 0.00 ms.
Mono: successfully reloaded assembly
- Completed reload, in  1.583 seconds
Platform modules already initialized, skipping
Refreshing native plugins compatible for Editor in 0.29 ms, found 0 plugins.
Preloading 0 native plugins for Editor in 0.00 ms.
Unloading 1277 Unused Serialized files (Serialized files now loaded: 0)
System memory in use before: 65.6 MB.
System memory in use after: 65.7 MB.

Unloading 5 unused Assets to reduce memory usage. Loaded Objects now: 1859.
Total: 3.078000 ms (FindLiveObjects: 0.432600 ms CreateObjectMapping: 0.236300 ms MarkObjects: 2.383900 ms  DeleteObjects: 0.022300 ms)

========================================================================
Received Import Request.
  Time since last request: 1315.566419 seconds.
  path: Assets/Scenes/Level-1.unity
  artifactKey: Guid(9fc0d4010bbf28b4594072e72b8655ab) Importer(815301076,1909f56bfc062723c751e8b465ee728b)
Start importing Assets/Scenes/Level-1.unity using Guid(9fc0d4010bbf28b4594072e72b8655ab) Importer(815301076,1909f56bfc062723c751e8b465ee728b)  -> (artifact id: 'a4a9b345b91eed3d3c37cf559a1fc9ab') in 0.018415 seconds 
========================================================================
Received Prepare
Refreshing native plugins compatible for Editor in 18.34 ms, found 0 plugins.
Preloading 0 native plugins for Editor in 0.00 ms.
Unloading 4 Unused Serialized files (Serialized files now loaded: 0)
System memory in use before: 40.1 MB.
System memory in use after: 40.3 MB.

Unloading 3 unused Assets to reduce memory usage. Loaded Objects now: 1859.
Total: 4.018000 ms (FindLiveObjects: 0.273900 ms CreateObjectMapping: 0.102100 ms MarkObjects: 3.618000 ms  DeleteObjects: 0.021300 ms)

